<?xml version="1.0" encoding="UTF-8"?>
<!-- Generated by org.testng.reporters.JUnitReportReporter -->
<testsuite hostname="DESKTOP-JSHQHB7" failures="0" tests="1" name="Tests.TestBestSeller" time="11.627" errors="0" timestamp="2024-09-20T04:49:45 IST" skipped="0">
  <testcase classname="Tests.TestBestSeller" name="testHomePage" time="11.627"/>
</testsuite> <!-- Tests.TestBestSeller -->
